2024-08-02 08:17:53,301 :: test_OrangeHRM_url_001 is started
2024-08-02 08:17:53,301 :: Opening Browser
2024-08-02 08:17:55,550 : : Verifying the page title
2024-08-02 08:17:55,559 :: test_OrangeHRM_url_001 is passed, user is landed on correct url
2024-08-02 08:17:57,560 :  : Taking the screenshot
2024-08-02 08:17:57,718 :  : Closing the Browser
2024-08-02 08:17:59,864 :  : test_OrangeHRM_url_001 is completed
2024-08-02 08:18:27,521 :  : test_OrangeHRM_Login_002 is started
2024-08-02 08:18:27,521 : : Opening the browser
2024-08-02 08:18:30,522 : : Entering Username-->Admin
2024-08-02 08:18:30,629 :  : Entering Password-->admin123
2024-08-02 08:18:30,758 :  : Clicking on login button
2024-08-02 08:18:30,837 :  : 62 : Verifying the login stauts
2024-08-02 08:18:33,773 :  : test_OrangeHRM_Login_002 is passed
2024-08-02 08:18:35,775 : : Taking the screenshot
2024-08-02 08:18:35,975 : INFO :  Test_OrangeHRM_Login : test_OrangeHRM_Login_002 : 68 : Clicking on Menu button
2024-08-02 08:18:36,100 : INFO :  Test_OrangeHRM_Login : test_OrangeHRM_Login_002 : 70 : Clicking on logout button
2024-08-02 08:18:37,104 : INFO :  Test_OrangeHRM_Login : test_OrangeHRM_Login_002 : 78 : Closing the browser
2024-08-02 08:18:39,317 : INFO :  Test_OrangeHRM_Login : test_OrangeHRM_Login_002 : 80 : test_OrangeHRM_Login_002 is Completed
2024-08-02 08:23:56,843 : INFO :  Test_OrangeHRM_Login : test_OrangeHRM_url_001 : 23 : test_OrangeHRM_url_001 is started
2024-08-02 08:23:56,844 : INFO :  Test_OrangeHRM_Login : test_OrangeHRM_url_001 : 25 : Opening Browser
2024-08-02 08:24:00,414 : INFO :  Test_OrangeHRM_Login : test_OrangeHRM_url_001 : 27 : Verifying the page title
2024-08-02 08:24:00,422 : INFO :  Test_OrangeHRM_Login : test_OrangeHRM_url_001 : 29 : test_OrangeHRM_url_001 is passed, user is landed on correct url
2024-08-02 08:24:02,423 : INFO :  Test_OrangeHRM_Login : test_OrangeHRM_url_001 : 31 : Taking the screenshot
2024-08-02 08:24:02,522 : INFO :  Test_OrangeHRM_Login : test_OrangeHRM_url_001 : 40 : Closing the Browser
2024-08-02 08:24:04,712 : INFO :  Test_OrangeHRM_Login : test_OrangeHRM_url_001 : 42 : test_OrangeHRM_url_001 is completed
2024-08-02 08:24:30,520 : INFO :  Test_OrangeHRM_Login : test_OrangeHRM_Login_002 : 46 : test_OrangeHRM_Login_002 is started
2024-08-02 08:24:30,520 : INFO :  Test_OrangeHRM_Login : test_OrangeHRM_Login_002 : 48 : Opening the browser
2024-08-02 08:24:30,520 : INFO :  Test_OrangeHRM_Login : test_OrangeHRM_Login_002 : 53 : Entering Username-->Admin
2024-08-02 08:24:33,970 : INFO :  Test_OrangeHRM_Login : test_OrangeHRM_Login_002 : 56 : Entering Password-->admin123
2024-08-02 08:24:34,130 : INFO :  Test_OrangeHRM_Login : test_OrangeHRM_Login_002 : 59 : Clicking on login button
2024-08-02 08:24:34,211 : INFO :  Test_OrangeHRM_Login : test_OrangeHRM_Login_002 : 61 : Verifying the login stauts
2024-08-02 08:24:37,031 : INFO :  Test_OrangeHRM_Login : test_OrangeHRM_Login_002 : 63 : test_OrangeHRM_Login_002 is passed
2024-08-02 08:24:39,033 : INFO :  Test_OrangeHRM_Login : test_OrangeHRM_Login_002 : 65 : Taking the screenshot
2024-08-02 08:24:39,190 : INFO :  Test_OrangeHRM_Login : test_OrangeHRM_Login_002 : 67 : Clicking on Menu button
2024-08-02 08:24:39,279 : INFO :  Test_OrangeHRM_Login : test_OrangeHRM_Login_002 : 69 : Clicking on logout button
2024-08-02 08:24:40,168 : INFO :  Test_OrangeHRM_Login : test_OrangeHRM_Login_002 : 77 : Closing the browser
2024-08-02 08:24:42,379 : INFO :  Test_OrangeHRM_Login : test_OrangeHRM_Login_002 : 79 : test_OrangeHRM_Login_002 is Completed
2024-08-02 08:31:27,609 : INFO :  Test_OrangeHRM_Login : test_OrangeHRM_url_001 : 23 : test_OrangeHRM_url_001 is started
2024-08-02 08:31:27,610 : INFO :  Test_OrangeHRM_Login : test_OrangeHRM_url_001 : 25 : Opening Browser
2024-08-02 08:31:27,617 : INFO :  Test_OrangeHRM_Login : test_OrangeHRM_url_001 : 27 : Verifying the page title
2024-08-02 08:31:27,622 : INFO :  Test_OrangeHRM_Login : test_OrangeHRM_url_001 : 29 : test_OrangeHRM_url_001 is passed, user is landed on correct url
2024-08-02 08:31:29,623 : INFO :  Test_OrangeHRM_Login : test_OrangeHRM_url_001 : 31 : Taking the screenshot
2024-08-02 08:31:29,739 : INFO :  Test_OrangeHRM_Login : test_OrangeHRM_url_001 : 40 : Closing the Browser
2024-08-02 08:31:31,985 : INFO :  Test_OrangeHRM_Login : test_OrangeHRM_url_001 : 42 : test_OrangeHRM_url_001 is completed
2024-08-02 08:32:11,067 : INFO :  Test_OrangeHRM_Login : test_OrangeHRM_Login_002 : 46 : test_OrangeHRM_Login_002 is started
2024-08-02 08:32:11,068 : INFO :  Test_OrangeHRM_Login : test_OrangeHRM_Login_002 : 48 : Opening the browser
2024-08-02 08:32:11,068 : INFO :  Test_OrangeHRM_Login : test_OrangeHRM_Login_002 : 53 : Entering Username-->Admin
2024-08-02 08:32:12,047 : INFO :  Test_OrangeHRM_Login : test_OrangeHRM_Login_002 : 56 : Entering Password-->admin123
2024-08-02 08:32:12,212 : INFO :  Test_OrangeHRM_Login : test_OrangeHRM_Login_002 : 59 : Clicking on login button
2024-08-02 08:32:13,675 : INFO :  Test_OrangeHRM_Login : test_OrangeHRM_Login_002 : 61 : Verifying the login stauts
2024-08-02 08:32:15,941 : INFO :  Test_OrangeHRM_Login : test_OrangeHRM_Login_002 : 63 : test_OrangeHRM_Login_002 is passed
2024-08-02 08:32:17,942 : INFO :  Test_OrangeHRM_Login : test_OrangeHRM_Login_002 : 65 : Taking the screenshot
2024-08-02 08:32:18,103 : INFO :  Test_OrangeHRM_Login : test_OrangeHRM_Login_002 : 67 : Clicking on Menu button
2024-08-02 08:32:18,241 : INFO :  Test_OrangeHRM_Login : test_OrangeHRM_Login_002 : 69 : Clicking on logout button
2024-08-02 08:32:19,108 : INFO :  Test_OrangeHRM_Login : test_OrangeHRM_Login_002 : 77 : Closing the browser
2024-08-02 08:32:21,705 : INFO :  Test_OrangeHRM_Login : test_OrangeHRM_Login_002 : 79 : test_OrangeHRM_Login_002 is Completed
2024-08-02 09:02:29,625 : INFO :  Test_OrangeHRM_Login_params : test_OrangeHRM_Login_params_003 : 18 : test_OrangeHRM_Login_params_003 is started
2024-08-02 09:02:29,625 : INFO :  Test_OrangeHRM_Login_params : test_OrangeHRM_Login_params_003 : 20 : Opening the browser
2024-08-02 09:02:29,626 : INFO :  Test_OrangeHRM_Login_params : test_OrangeHRM_Login_params_003 : 25 : Entering Username-->Admin
2024-08-02 09:02:30,378 : INFO :  Test_OrangeHRM_Login_params : test_OrangeHRM_Login_params_003 : 28 : Entering Password-->admin123
2024-08-02 09:02:30,727 : INFO :  Test_OrangeHRM_Login_params : test_OrangeHRM_Login_params_003 : 31 : Clicking on login button
2024-08-02 09:02:32,063 : INFO :  Test_OrangeHRM_Login_params : test_OrangeHRM_Login_params_003 : 33 : Verifying the login stauts
2024-08-02 09:02:34,149 : INFO :  Test_OrangeHRM_Login_params : test_OrangeHRM_Login_params_003 : 35 : test_OrangeHRM_Login_params_003 is passed
2024-08-02 09:02:36,151 : INFO :  Test_OrangeHRM_Login_params : test_OrangeHRM_Login_params_003 : 37 : Taking the screenshot
2024-08-02 09:02:36,448 : INFO :  Test_OrangeHRM_Login_params : test_OrangeHRM_Login_params_003 : 39 : Clicking on Menu button
2024-08-02 09:02:36,543 : INFO :  Test_OrangeHRM_Login_params : test_OrangeHRM_Login_params_003 : 41 : Clicking on logout button
2024-08-02 09:02:37,618 : INFO :  Test_OrangeHRM_Login_params : test_OrangeHRM_Login_params_003 : 64 : Closing the browser
2024-08-02 09:02:40,419 : INFO :  Test_OrangeHRM_Login_params : test_OrangeHRM_Login_params_003 : 66 : test_OrangeHRM_Login_params_003 is Completed
2024-08-02 09:03:15,862 : INFO :  Test_OrangeHRM_Login_params : test_OrangeHRM_Login_params_003 : 18 : test_OrangeHRM_Login_params_003 is started
2024-08-02 09:03:15,863 : INFO :  Test_OrangeHRM_Login_params : test_OrangeHRM_Login_params_003 : 20 : Opening the browser
2024-08-02 09:03:15,863 : INFO :  Test_OrangeHRM_Login_params : test_OrangeHRM_Login_params_003 : 25 : Entering Username-->Admin1
2024-08-02 09:03:17,107 : INFO :  Test_OrangeHRM_Login_params : test_OrangeHRM_Login_params_003 : 28 : Entering Password-->admin123
2024-08-02 09:03:17,356 : INFO :  Test_OrangeHRM_Login_params : test_OrangeHRM_Login_params_003 : 31 : Clicking on login button
2024-08-02 09:03:18,919 : INFO :  Test_OrangeHRM_Login_params : test_OrangeHRM_Login_params_003 : 33 : Verifying the login stauts
2024-08-02 09:03:23,159 : INFO :  Test_OrangeHRM_Login_params : test_OrangeHRM_Login_params_003 : 45 : test_OrangeHRM_Login_params_003 is failed
2024-08-02 09:03:23,160 : INFO :  Test_OrangeHRM_Login_params : test_OrangeHRM_Login_params_003 : 46 : Taking for screenshot
2024-08-02 09:03:23,428 : INFO :  Test_OrangeHRM_Login_params : test_OrangeHRM_Login_params_003 : 48 : Clicking on Menu button
2024-08-02 09:03:23,522 : INFO :  Test_OrangeHRM_Login_params : test_OrangeHRM_Login_params_003 : 50 : Clicking on logout button
2024-08-02 09:03:37,420 : INFO :  Test_OrangeHRM_Login_params : test_OrangeHRM_Login_params_003 : 18 : test_OrangeHRM_Login_params_003 is started
2024-08-02 09:03:37,420 : INFO :  Test_OrangeHRM_Login_params : test_OrangeHRM_Login_params_003 : 20 : Opening the browser
2024-08-02 09:03:37,420 : INFO :  Test_OrangeHRM_Login_params : test_OrangeHRM_Login_params_003 : 25 : Entering Username-->Admin
2024-08-02 09:03:38,286 : INFO :  Test_OrangeHRM_Login_params : test_OrangeHRM_Login_params_003 : 28 : Entering Password-->admin1231
2024-08-02 09:03:38,510 : INFO :  Test_OrangeHRM_Login_params : test_OrangeHRM_Login_params_003 : 31 : Clicking on login button
2024-08-02 09:03:40,355 : INFO :  Test_OrangeHRM_Login_params : test_OrangeHRM_Login_params_003 : 33 : Verifying the login stauts
2024-08-02 09:03:44,857 : INFO :  Test_OrangeHRM_Login_params : test_OrangeHRM_Login_params_003 : 45 : test_OrangeHRM_Login_params_003 is failed
2024-08-02 09:03:44,858 : INFO :  Test_OrangeHRM_Login_params : test_OrangeHRM_Login_params_003 : 46 : Taking for screenshot
2024-08-02 09:03:45,183 : INFO :  Test_OrangeHRM_Login_params : test_OrangeHRM_Login_params_003 : 48 : Clicking on Menu button
2024-08-02 09:03:45,254 : INFO :  Test_OrangeHRM_Login_params : test_OrangeHRM_Login_params_003 : 50 : Clicking on logout button
2024-08-02 09:03:58,119 : INFO :  Test_OrangeHRM_Login_params : test_OrangeHRM_Login_params_003 : 18 : test_OrangeHRM_Login_params_003 is started
2024-08-02 09:03:58,121 : INFO :  Test_OrangeHRM_Login_params : test_OrangeHRM_Login_params_003 : 20 : Opening the browser
2024-08-02 09:03:58,121 : INFO :  Test_OrangeHRM_Login_params : test_OrangeHRM_Login_params_003 : 25 : Entering Username-->Admin1
2024-08-02 09:03:59,005 : INFO :  Test_OrangeHRM_Login_params : test_OrangeHRM_Login_params_003 : 28 : Entering Password-->admin1231
2024-08-02 09:03:59,184 : INFO :  Test_OrangeHRM_Login_params : test_OrangeHRM_Login_params_003 : 31 : Clicking on login button
2024-08-02 09:03:59,311 : INFO :  Test_OrangeHRM_Login_params : test_OrangeHRM_Login_params_003 : 33 : Verifying the login stauts
2024-08-02 09:04:04,237 : INFO :  Test_OrangeHRM_Login_params : test_OrangeHRM_Login_params_003 : 45 : test_OrangeHRM_Login_params_003 is failed
2024-08-02 09:04:04,238 : INFO :  Test_OrangeHRM_Login_params : test_OrangeHRM_Login_params_003 : 46 : Taking for screenshot
2024-08-02 09:04:04,482 : INFO :  Test_OrangeHRM_Login_params : test_OrangeHRM_Login_params_003 : 48 : Clicking on Menu button
2024-08-02 09:04:04,592 : INFO :  Test_OrangeHRM_Login_params : test_OrangeHRM_Login_params_003 : 50 : Clicking on logout button
2024-08-02 09:06:36,056 : INFO :  Test_OrangeHRM_Login_params : test_OrangeHRM_Login_params_003 : 18 : test_OrangeHRM_Login_params_003 is started
2024-08-02 09:06:36,067 : INFO :  Test_OrangeHRM_Login_params : test_OrangeHRM_Login_params_003 : 20 : Opening the browser
2024-08-02 09:06:36,067 : INFO :  Test_OrangeHRM_Login_params : test_OrangeHRM_Login_params_003 : 25 : Entering Username-->Admin
2024-08-02 09:06:40,166 : INFO :  Test_OrangeHRM_Login_params : test_OrangeHRM_Login_params_003 : 28 : Entering Password-->admin123
2024-08-02 09:06:40,525 : INFO :  Test_OrangeHRM_Login_params : test_OrangeHRM_Login_params_003 : 31 : Clicking on login button
2024-08-02 09:06:42,289 : INFO :  Test_OrangeHRM_Login_params : test_OrangeHRM_Login_params_003 : 33 : Verifying the login stauts
2024-08-02 09:06:46,685 : INFO :  Test_OrangeHRM_Login_params : test_OrangeHRM_Login_params_003 : 35 : test_OrangeHRM_Login_params_003 is passed
2024-08-02 09:06:48,687 : INFO :  Test_OrangeHRM_Login_params : test_OrangeHRM_Login_params_003 : 37 : Taking the screenshot
2024-08-02 09:06:49,033 : INFO :  Test_OrangeHRM_Login_params : test_OrangeHRM_Login_params_003 : 39 : Clicking on Menu button
2024-08-02 09:06:49,139 : INFO :  Test_OrangeHRM_Login_params : test_OrangeHRM_Login_params_003 : 41 : Clicking on logout button
2024-08-02 09:06:50,966 : INFO :  Test_OrangeHRM_Login_params : test_OrangeHRM_Login_params_003 : 64 : Closing the browser
2024-08-02 09:06:54,572 : INFO :  Test_OrangeHRM_Login_params : test_OrangeHRM_Login_params_003 : 66 : test_OrangeHRM_Login_params_003 is Completed
2024-08-02 09:08:37,014 : INFO :  Test_OrangeHRM_Login_params : test_OrangeHRM_Login_params_003 : 18 : test_OrangeHRM_Login_params_003 is started
2024-08-02 09:08:37,014 : INFO :  Test_OrangeHRM_Login_params : test_OrangeHRM_Login_params_003 : 20 : Opening the browser
2024-08-02 09:08:37,014 : INFO :  Test_OrangeHRM_Login_params : test_OrangeHRM_Login_params_003 : 25 : Entering Username-->Admin
2024-08-02 09:08:37,758 : INFO :  Test_OrangeHRM_Login_params : test_OrangeHRM_Login_params_003 : 28 : Entering Password-->admin123
2024-08-02 09:08:38,104 : INFO :  Test_OrangeHRM_Login_params : test_OrangeHRM_Login_params_003 : 31 : Clicking on login button
2024-08-02 09:08:39,547 : INFO :  Test_OrangeHRM_Login_params : test_OrangeHRM_Login_params_003 : 33 : Verifying the login stauts
2024-08-02 09:08:41,785 : INFO :  Test_OrangeHRM_Login_params : test_OrangeHRM_Login_params_003 : 35 : test_OrangeHRM_Login_params_003 is passed
2024-08-02 09:08:43,786 : INFO :  Test_OrangeHRM_Login_params : test_OrangeHRM_Login_params_003 : 37 : Taking the screenshot
2024-08-02 09:08:44,048 : INFO :  Test_OrangeHRM_Login_params : test_OrangeHRM_Login_params_003 : 39 : Clicking on Menu button
2024-08-02 09:08:44,161 : INFO :  Test_OrangeHRM_Login_params : test_OrangeHRM_Login_params_003 : 41 : Clicking on logout button
2024-08-02 09:08:45,854 : INFO :  Test_OrangeHRM_Login_params : test_OrangeHRM_Login_params_003 : 64 : Closing the browser
2024-08-02 09:08:48,528 : INFO :  Test_OrangeHRM_Login_params : test_OrangeHRM_Login_params_003 : 66 : test_OrangeHRM_Login_params_003 is Completed
2024-08-02 09:09:19,641 : INFO :  Test_OrangeHRM_Login_params : test_OrangeHRM_Login_params_003 : 18 : test_OrangeHRM_Login_params_003 is started
2024-08-02 09:09:19,642 : INFO :  Test_OrangeHRM_Login_params : test_OrangeHRM_Login_params_003 : 20 : Opening the browser
2024-08-02 09:09:19,642 : INFO :  Test_OrangeHRM_Login_params : test_OrangeHRM_Login_params_003 : 25 : Entering Username-->Admin1
2024-08-02 09:09:20,996 : INFO :  Test_OrangeHRM_Login_params : test_OrangeHRM_Login_params_003 : 28 : Entering Password-->admin123
2024-08-02 09:09:21,201 : INFO :  Test_OrangeHRM_Login_params : test_OrangeHRM_Login_params_003 : 31 : Clicking on login button
2024-08-02 09:09:22,287 : INFO :  Test_OrangeHRM_Login_params : test_OrangeHRM_Login_params_003 : 33 : Verifying the login stauts
2024-08-02 09:09:26,477 : INFO :  Test_OrangeHRM_Login_params : test_OrangeHRM_Login_params_003 : 60 : test_OrangeHRM_Login_params_003 is failed
2024-08-02 09:09:26,478 : INFO :  Test_OrangeHRM_Login_params : test_OrangeHRM_Login_params_003 : 61 : Taking for screenshot
2024-08-02 09:09:26,675 : INFO :  Test_OrangeHRM_Login_params : test_OrangeHRM_Login_params_003 : 64 : Closing the browser
2024-08-02 09:09:29,294 : INFO :  Test_OrangeHRM_Login_params : test_OrangeHRM_Login_params_003 : 66 : test_OrangeHRM_Login_params_003 is Completed
2024-08-02 09:09:59,791 : INFO :  Test_OrangeHRM_Login_params : test_OrangeHRM_Login_params_003 : 18 : test_OrangeHRM_Login_params_003 is started
2024-08-02 09:09:59,791 : INFO :  Test_OrangeHRM_Login_params : test_OrangeHRM_Login_params_003 : 20 : Opening the browser
2024-08-02 09:09:59,791 : INFO :  Test_OrangeHRM_Login_params : test_OrangeHRM_Login_params_003 : 25 : Entering Username-->Admin
2024-08-02 09:10:00,545 : INFO :  Test_OrangeHRM_Login_params : test_OrangeHRM_Login_params_003 : 28 : Entering Password-->admin1231
2024-08-02 09:10:00,907 : INFO :  Test_OrangeHRM_Login_params : test_OrangeHRM_Login_params_003 : 31 : Clicking on login button
2024-08-02 09:10:02,194 : INFO :  Test_OrangeHRM_Login_params : test_OrangeHRM_Login_params_003 : 33 : Verifying the login stauts
2024-08-02 09:10:06,288 : INFO :  Test_OrangeHRM_Login_params : test_OrangeHRM_Login_params_003 : 60 : test_OrangeHRM_Login_params_003 is failed
2024-08-02 09:10:06,289 : INFO :  Test_OrangeHRM_Login_params : test_OrangeHRM_Login_params_003 : 61 : Taking for screenshot
2024-08-02 09:10:06,527 : INFO :  Test_OrangeHRM_Login_params : test_OrangeHRM_Login_params_003 : 64 : Closing the browser
2024-08-02 09:10:09,221 : INFO :  Test_OrangeHRM_Login_params : test_OrangeHRM_Login_params_003 : 66 : test_OrangeHRM_Login_params_003 is Completed
2024-08-02 09:10:36,840 : INFO :  Test_OrangeHRM_Login_params : test_OrangeHRM_Login_params_003 : 18 : test_OrangeHRM_Login_params_003 is started
2024-08-02 09:10:36,841 : INFO :  Test_OrangeHRM_Login_params : test_OrangeHRM_Login_params_003 : 20 : Opening the browser
2024-08-02 09:10:36,843 : INFO :  Test_OrangeHRM_Login_params : test_OrangeHRM_Login_params_003 : 25 : Entering Username-->Admin1
2024-08-02 09:10:41,081 : INFO :  Test_OrangeHRM_Login_params : test_OrangeHRM_Login_params_003 : 28 : Entering Password-->admin1231
2024-08-02 09:10:41,762 : INFO :  Test_OrangeHRM_Login_params : test_OrangeHRM_Login_params_003 : 31 : Clicking on login button
2024-08-02 09:10:43,232 : INFO :  Test_OrangeHRM_Login_params : test_OrangeHRM_Login_params_003 : 33 : Verifying the login stauts
2024-08-02 09:10:47,323 : INFO :  Test_OrangeHRM_Login_params : test_OrangeHRM_Login_params_003 : 60 : test_OrangeHRM_Login_params_003 is failed
2024-08-02 09:10:47,323 : INFO :  Test_OrangeHRM_Login_params : test_OrangeHRM_Login_params_003 : 61 : Taking for screenshot
2024-08-02 09:10:47,565 : INFO :  Test_OrangeHRM_Login_params : test_OrangeHRM_Login_params_003 : 64 : Closing the browser
2024-08-02 09:10:50,501 : INFO :  Test_OrangeHRM_Login_params : test_OrangeHRM_Login_params_003 : 66 : test_OrangeHRM_Login_params_003 is Completed
2024-08-02 09:12:39,085 : INFO :  Test_OrangeHRM_Login_params : test_OrangeHRM_Login_params_003 : 18 : test_OrangeHRM_Login_params_003 is started
2024-08-02 09:12:39,086 : INFO :  Test_OrangeHRM_Login_params : test_OrangeHRM_Login_params_003 : 20 : Opening the browser
2024-08-02 09:12:39,087 : INFO :  Test_OrangeHRM_Login_params : test_OrangeHRM_Login_params_003 : 25 : Entering Username-->Admin1
2024-08-02 09:12:43,370 : INFO :  Test_OrangeHRM_Login_params : test_OrangeHRM_Login_params_003 : 18 : test_OrangeHRM_Login_params_003 is started
2024-08-02 09:12:43,370 : INFO :  Test_OrangeHRM_Login_params : test_OrangeHRM_Login_params_003 : 20 : Opening the browser
2024-08-02 09:12:43,370 : INFO :  Test_OrangeHRM_Login_params : test_OrangeHRM_Login_params_003 : 25 : Entering Username-->Admin
2024-08-02 09:12:49,518 : INFO :  Test_OrangeHRM_Login_params : test_OrangeHRM_Login_params_003 : 18 : test_OrangeHRM_Login_params_003 is started
2024-08-02 09:12:49,518 : INFO :  Test_OrangeHRM_Login_params : test_OrangeHRM_Login_params_003 : 20 : Opening the browser
2024-08-02 09:12:49,519 : INFO :  Test_OrangeHRM_Login_params : test_OrangeHRM_Login_params_003 : 25 : Entering Username-->Admin1
2024-08-02 09:12:49,825 : INFO :  Test_OrangeHRM_Login_params : test_OrangeHRM_Login_params_003 : 28 : Entering Password-->admin123
2024-08-02 09:12:50,119 : INFO :  Test_OrangeHRM_Login_params : test_OrangeHRM_Login_params_003 : 31 : Clicking on login button
2024-08-02 09:12:50,178 : INFO :  Test_OrangeHRM_Login_params : test_OrangeHRM_Login_params_003 : 28 : Entering Password-->admin1231
2024-08-02 09:12:52,251 : INFO :  Test_OrangeHRM_Login_params : test_OrangeHRM_Login_params_003 : 18 : test_OrangeHRM_Login_params_003 is started
2024-08-02 09:12:52,251 : INFO :  Test_OrangeHRM_Login_params : test_OrangeHRM_Login_params_003 : 20 : Opening the browser
2024-08-02 09:12:52,252 : INFO :  Test_OrangeHRM_Login_params : test_OrangeHRM_Login_params_003 : 25 : Entering Username-->Admin
2024-08-02 09:12:53,203 : INFO :  Test_OrangeHRM_Login_params : test_OrangeHRM_Login_params_003 : 33 : Verifying the login stauts
2024-08-02 09:12:53,648 : INFO :  Test_OrangeHRM_Login_params : test_OrangeHRM_Login_params_003 : 31 : Clicking on login button
2024-08-02 09:12:53,846 : INFO :  Test_OrangeHRM_Login_params : test_OrangeHRM_Login_params_003 : 28 : Entering Password-->admin1231
2024-08-02 09:12:54,388 : INFO :  Test_OrangeHRM_Login_params : test_OrangeHRM_Login_params_003 : 31 : Clicking on login button
2024-08-02 09:12:56,040 : INFO :  Test_OrangeHRM_Login_params : test_OrangeHRM_Login_params_003 : 35 : test_OrangeHRM_Login_params_003 is passed
2024-08-02 09:12:56,234 : INFO :  Test_OrangeHRM_Login_params : test_OrangeHRM_Login_params_003 : 33 : Verifying the login stauts
2024-08-02 09:12:56,603 : INFO :  Test_OrangeHRM_Login_params : test_OrangeHRM_Login_params_003 : 33 : Verifying the login stauts
2024-08-02 09:12:57,354 : INFO :  Test_OrangeHRM_Login_params : test_OrangeHRM_Login_params_003 : 28 : Entering Password-->admin123
2024-08-02 09:12:57,553 : INFO :  Test_OrangeHRM_Login_params : test_OrangeHRM_Login_params_003 : 31 : Clicking on login button
2024-08-02 09:12:58,041 : INFO :  Test_OrangeHRM_Login_params : test_OrangeHRM_Login_params_003 : 37 : Taking the screenshot
2024-08-02 09:12:58,700 : INFO :  Test_OrangeHRM_Login_params : test_OrangeHRM_Login_params_003 : 39 : Clicking on Menu button
2024-08-02 09:12:59,924 : INFO :  Test_OrangeHRM_Login_params : test_OrangeHRM_Login_params_003 : 33 : Verifying the login stauts
2024-08-02 09:13:00,038 : INFO :  Test_OrangeHRM_Login_params : test_OrangeHRM_Login_params_003 : 41 : Clicking on logout button
2024-08-02 09:13:00,519 : INFO :  Test_OrangeHRM_Login_params : test_OrangeHRM_Login_params_003 : 54 : test_OrangeHRM_Login_params_003 is failed
2024-08-02 09:13:00,519 : INFO :  Test_OrangeHRM_Login_params : test_OrangeHRM_Login_params_003 : 55 : Taking for screenshot
2024-08-02 09:13:01,639 : INFO :  Test_OrangeHRM_Login_params : test_OrangeHRM_Login_params_003 : 60 : test_OrangeHRM_Login_params_003 is failed
2024-08-02 09:13:01,640 : INFO :  Test_OrangeHRM_Login_params : test_OrangeHRM_Login_params_003 : 61 : Taking for screenshot
2024-08-02 09:13:01,968 : INFO :  Test_OrangeHRM_Login_params : test_OrangeHRM_Login_params_003 : 64 : Closing the browser
2024-08-02 09:13:02,378 : INFO :  Test_OrangeHRM_Login_params : test_OrangeHRM_Login_params_003 : 64 : Closing the browser
2024-08-02 09:13:04,813 : INFO :  Test_OrangeHRM_Login_params : test_OrangeHRM_Login_params_003 : 60 : test_OrangeHRM_Login_params_003 is failed
2024-08-02 09:13:04,813 : INFO :  Test_OrangeHRM_Login_params : test_OrangeHRM_Login_params_003 : 61 : Taking for screenshot
2024-08-02 09:13:05,295 : INFO :  Test_OrangeHRM_Login_params : test_OrangeHRM_Login_params_003 : 64 : Closing the browser
2024-08-02 09:13:05,592 : INFO :  Test_OrangeHRM_Login_params : test_OrangeHRM_Login_params_003 : 66 : test_OrangeHRM_Login_params_003 is Completed
2024-08-02 09:13:06,120 : INFO :  Test_OrangeHRM_Login_params : test_OrangeHRM_Login_params_003 : 66 : test_OrangeHRM_Login_params_003 is Completed
2024-08-02 09:13:08,136 : INFO :  Test_OrangeHRM_Login_params : test_OrangeHRM_Login_params_003 : 66 : test_OrangeHRM_Login_params_003 is Completed
2024-08-10 19:15:56,404 : INFO :  Test_OrangeHRM_Login : test_OrangeHRM_url_001 : 23 : test_OrangeHRM_url_001 is started
2024-08-10 19:15:56,406 : INFO :  Test_OrangeHRM_Login : test_OrangeHRM_url_001 : 25 : Opening Browser
2024-08-10 19:15:56,414 : INFO :  Test_OrangeHRM_Login : test_OrangeHRM_url_001 : 27 : Verifying the page title
2024-08-10 19:15:56,424 : INFO :  Test_OrangeHRM_Login : test_OrangeHRM_url_001 : 29 : test_OrangeHRM_url_001 is passed, user is landed on correct url
2024-08-10 19:15:58,424 : INFO :  Test_OrangeHRM_Login : test_OrangeHRM_url_001 : 31 : Taking the screenshot
2024-08-10 19:15:58,498 : INFO :  Test_OrangeHRM_Login : test_OrangeHRM_url_001 : 40 : Closing the Browser
2024-08-10 19:16:00,823 : INFO :  Test_OrangeHRM_Login : test_OrangeHRM_url_001 : 42 : test_OrangeHRM_url_001 is completed
2024-08-10 19:16:28,123 : INFO :  Test_OrangeHRM_Login : test_OrangeHRM_Login_002 : 46 : test_OrangeHRM_Login_002 is started
2024-08-10 19:16:28,123 : INFO :  Test_OrangeHRM_Login : test_OrangeHRM_Login_002 : 48 : Opening the browser
2024-08-10 19:16:28,124 : INFO :  Test_OrangeHRM_Login : test_OrangeHRM_Login_002 : 53 : Entering Username-->Admin
2024-08-10 19:16:29,127 : INFO :  Test_OrangeHRM_Login : test_OrangeHRM_Login_002 : 56 : Entering Password-->admin123
2024-08-10 19:16:29,299 : INFO :  Test_OrangeHRM_Login : test_OrangeHRM_Login_002 : 59 : Clicking on login button
2024-08-10 19:16:29,390 : INFO :  Test_OrangeHRM_Login : test_OrangeHRM_Login_002 : 61 : Verifying the login status
2024-08-10 19:16:30,513 : INFO :  Test_OrangeHRM_Login : test_OrangeHRM_Login_002 : 73 : test_OrangeHRM_Login_002 is failed
2024-08-10 19:16:30,513 : INFO :  Test_OrangeHRM_Login : test_OrangeHRM_Login_002 : 74 : Taking for screenshot
2024-08-10 19:16:41,362 : INFO :  Test_OrangeHRM_Login_params : test_OrangeHRM_Login_params_003 : 16 : test_OrangeHRM_Login_params_003 is started
2024-08-10 19:16:41,363 : INFO :  Test_OrangeHRM_Login_params : test_OrangeHRM_Login_params_003 : 18 : Opening the browser
2024-08-10 19:16:41,364 : INFO :  Test_OrangeHRM_Login_params : test_OrangeHRM_Login_params_003 : 23 : Entering Username-->Admin
2024-08-10 19:16:42,084 : INFO :  Test_OrangeHRM_Login_params : test_OrangeHRM_Login_params_003 : 26 : Entering Password-->admin123
2024-08-10 19:16:42,340 : INFO :  Test_OrangeHRM_Login_params : test_OrangeHRM_Login_params_003 : 29 : Clicking on login button
2024-08-10 19:16:42,435 : INFO :  Test_OrangeHRM_Login_params : test_OrangeHRM_Login_params_003 : 31 : Verifying the login status
2024-08-10 19:16:49,750 : INFO :  Test_OrangeHRM_Login_params : test_OrangeHRM_Login_params_003 : 61 : Closing the browser
2024-08-10 19:16:52,169 : INFO :  Test_OrangeHRM_Login_params : test_OrangeHRM_Login_params_003 : 63 : test_OrangeHRM_Login_params_003 is completed
2024-08-10 19:17:19,322 : INFO :  Test_OrangeHRM_Login_params : test_OrangeHRM_Login_params_003 : 16 : test_OrangeHRM_Login_params_003 is started
2024-08-10 19:17:19,322 : INFO :  Test_OrangeHRM_Login_params : test_OrangeHRM_Login_params_003 : 18 : Opening the browser
2024-08-10 19:17:19,322 : INFO :  Test_OrangeHRM_Login_params : test_OrangeHRM_Login_params_003 : 23 : Entering Username-->Admin1
2024-08-10 19:17:20,140 : INFO :  Test_OrangeHRM_Login_params : test_OrangeHRM_Login_params_003 : 26 : Entering Password-->admin123
2024-08-10 19:17:20,358 : INFO :  Test_OrangeHRM_Login_params : test_OrangeHRM_Login_params_003 : 29 : Clicking on login button
2024-08-10 19:17:20,475 : INFO :  Test_OrangeHRM_Login_params : test_OrangeHRM_Login_params_003 : 31 : Verifying the login status
2024-08-10 19:17:24,554 : INFO :  Test_OrangeHRM_Login_params : test_OrangeHRM_Login_params_003 : 57 : test_OrangeHRM_Login_params_003 is passed
2024-08-10 19:17:24,554 : INFO :  Test_OrangeHRM_Login_params : test_OrangeHRM_Login_params_003 : 58 : Taking a screenshot
2024-08-10 19:17:24,665 : INFO :  Test_OrangeHRM_Login_params : test_OrangeHRM_Login_params_003 : 61 : Closing the browser
2024-08-10 19:17:26,970 : INFO :  Test_OrangeHRM_Login_params : test_OrangeHRM_Login_params_003 : 63 : test_OrangeHRM_Login_params_003 is completed
2024-08-10 19:17:54,131 : INFO :  Test_OrangeHRM_Login_params : test_OrangeHRM_Login_params_003 : 16 : test_OrangeHRM_Login_params_003 is started
2024-08-10 19:17:54,132 : INFO :  Test_OrangeHRM_Login_params : test_OrangeHRM_Login_params_003 : 18 : Opening the browser
2024-08-10 19:17:54,132 : INFO :  Test_OrangeHRM_Login_params : test_OrangeHRM_Login_params_003 : 23 : Entering Username-->Admin
2024-08-10 19:17:55,019 : INFO :  Test_OrangeHRM_Login_params : test_OrangeHRM_Login_params_003 : 26 : Entering Password-->admin1231
2024-08-10 19:17:55,217 : INFO :  Test_OrangeHRM_Login_params : test_OrangeHRM_Login_params_003 : 29 : Clicking on login button
2024-08-10 19:17:55,433 : INFO :  Test_OrangeHRM_Login_params : test_OrangeHRM_Login_params_003 : 31 : Verifying the login status
2024-08-10 19:17:59,591 : INFO :  Test_OrangeHRM_Login_params : test_OrangeHRM_Login_params_003 : 57 : test_OrangeHRM_Login_params_003 is passed
2024-08-10 19:17:59,591 : INFO :  Test_OrangeHRM_Login_params : test_OrangeHRM_Login_params_003 : 58 : Taking a screenshot
2024-08-10 19:17:59,675 : INFO :  Test_OrangeHRM_Login_params : test_OrangeHRM_Login_params_003 : 61 : Closing the browser
2024-08-10 19:18:01,982 : INFO :  Test_OrangeHRM_Login_params : test_OrangeHRM_Login_params_003 : 63 : test_OrangeHRM_Login_params_003 is completed
2024-08-10 19:18:29,737 : INFO :  Test_OrangeHRM_Login_params : test_OrangeHRM_Login_params_003 : 16 : test_OrangeHRM_Login_params_003 is started
2024-08-10 19:18:29,737 : INFO :  Test_OrangeHRM_Login_params : test_OrangeHRM_Login_params_003 : 18 : Opening the browser
2024-08-10 19:18:29,737 : INFO :  Test_OrangeHRM_Login_params : test_OrangeHRM_Login_params_003 : 23 : Entering Username-->Admin1
2024-08-10 19:18:30,432 : INFO :  Test_OrangeHRM_Login_params : test_OrangeHRM_Login_params_003 : 26 : Entering Password-->admin1231
2024-08-10 19:18:30,682 : INFO :  Test_OrangeHRM_Login_params : test_OrangeHRM_Login_params_003 : 29 : Clicking on login button
2024-08-10 19:18:30,768 : INFO :  Test_OrangeHRM_Login_params : test_OrangeHRM_Login_params_003 : 31 : Verifying the login status
2024-08-10 19:18:34,961 : INFO :  Test_OrangeHRM_Login_params : test_OrangeHRM_Login_params_003 : 57 : test_OrangeHRM_Login_params_003 is passed
2024-08-10 19:18:34,961 : INFO :  Test_OrangeHRM_Login_params : test_OrangeHRM_Login_params_003 : 58 : Taking a screenshot
2024-08-10 19:18:35,072 : INFO :  Test_OrangeHRM_Login_params : test_OrangeHRM_Login_params_003 : 61 : Closing the browser
2024-08-10 19:18:37,409 : INFO :  Test_OrangeHRM_Login_params : test_OrangeHRM_Login_params_003 : 63 : test_OrangeHRM_Login_params_003 is completed
2024-08-10 19:19:32,441 : INFO :  Test_OrangeHRM_Login : test_OrangeHRM_url_001 : 23 : test_OrangeHRM_url_001 is started
2024-08-10 19:19:32,441 : INFO :  Test_OrangeHRM_Login : test_OrangeHRM_url_001 : 25 : Opening Browser
2024-08-10 19:19:32,451 : INFO :  Test_OrangeHRM_Login : test_OrangeHRM_url_001 : 27 : Verifying the page title
2024-08-10 19:19:32,458 : INFO :  Test_OrangeHRM_Login : test_OrangeHRM_url_001 : 29 : test_OrangeHRM_url_001 is passed, user is landed on correct url
2024-08-10 19:19:34,459 : INFO :  Test_OrangeHRM_Login : test_OrangeHRM_url_001 : 31 : Taking the screenshot
2024-08-10 19:19:34,583 : INFO :  Test_OrangeHRM_Login : test_OrangeHRM_url_001 : 40 : Closing the Browser
2024-08-10 19:19:36,921 : INFO :  Test_OrangeHRM_Login : test_OrangeHRM_url_001 : 42 : test_OrangeHRM_url_001 is completed
2024-08-10 19:20:05,920 : INFO :  Test_OrangeHRM_Login : test_OrangeHRM_Login_002 : 46 : test_OrangeHRM_Login_002 is started
2024-08-10 19:20:05,921 : INFO :  Test_OrangeHRM_Login : test_OrangeHRM_Login_002 : 48 : Opening the browser
2024-08-10 19:20:05,921 : INFO :  Test_OrangeHRM_Login : test_OrangeHRM_Login_002 : 53 : Entering Username-->Admin
2024-08-10 19:20:06,812 : INFO :  Test_OrangeHRM_Login : test_OrangeHRM_Login_002 : 56 : Entering Password-->admin123
2024-08-10 19:20:07,083 : INFO :  Test_OrangeHRM_Login : test_OrangeHRM_Login_002 : 59 : Clicking on login button
2024-08-10 19:20:08,430 : INFO :  Test_OrangeHRM_Login : test_OrangeHRM_Login_002 : 61 : Verifying the login status
2024-08-10 19:20:10,450 : INFO :  Test_OrangeHRM_Login : test_OrangeHRM_Login_002 : 63 : test_OrangeHRM_Login_002 is passed
2024-08-10 19:20:12,451 : INFO :  Test_OrangeHRM_Login : test_OrangeHRM_Login_002 : 65 : Taking the screenshot
2024-08-10 19:20:12,567 : INFO :  Test_OrangeHRM_Login : test_OrangeHRM_Login_002 : 67 : Clicking on Menu button
2024-08-10 19:20:12,647 : INFO :  Test_OrangeHRM_Login : test_OrangeHRM_Login_002 : 69 : Clicking on logout button
2024-08-10 19:20:13,453 : INFO :  Test_OrangeHRM_Login : test_OrangeHRM_Login_002 : 77 : Closing the browser
2024-08-10 19:20:15,690 : INFO :  Test_OrangeHRM_Login : test_OrangeHRM_Login_002 : 79 : test_OrangeHRM_Login_002 is completed
2024-08-10 19:20:39,960 : INFO :  Test_OrangeHRM_Login_params : test_OrangeHRM_Login_params_003 : 16 : test_OrangeHRM_Login_params_003 is started
2024-08-10 19:20:39,960 : INFO :  Test_OrangeHRM_Login_params : test_OrangeHRM_Login_params_003 : 18 : Opening the browser
2024-08-10 19:20:39,961 : INFO :  Test_OrangeHRM_Login_params : test_OrangeHRM_Login_params_003 : 23 : Entering Username-->Admin
2024-08-10 19:20:45,108 : INFO :  Test_OrangeHRM_Login_params : test_OrangeHRM_Login_params_003 : 26 : Entering Password-->admin123
2024-08-10 19:20:45,358 : INFO :  Test_OrangeHRM_Login_params : test_OrangeHRM_Login_params_003 : 29 : Clicking on login button
2024-08-10 19:20:45,465 : INFO :  Test_OrangeHRM_Login_params : test_OrangeHRM_Login_params_003 : 31 : Verifying the login status
2024-08-10 19:20:52,705 : INFO :  Test_OrangeHRM_Login_params : test_OrangeHRM_Login_params_003 : 61 : Closing the browser
2024-08-10 19:20:54,995 : INFO :  Test_OrangeHRM_Login_params : test_OrangeHRM_Login_params_003 : 63 : test_OrangeHRM_Login_params_003 is completed
2024-08-10 19:21:21,471 : INFO :  Test_OrangeHRM_Login_params : test_OrangeHRM_Login_params_003 : 16 : test_OrangeHRM_Login_params_003 is started
2024-08-10 19:21:21,471 : INFO :  Test_OrangeHRM_Login_params : test_OrangeHRM_Login_params_003 : 18 : Opening the browser
2024-08-10 19:21:21,471 : INFO :  Test_OrangeHRM_Login_params : test_OrangeHRM_Login_params_003 : 23 : Entering Username-->Admin1
2024-08-10 19:21:22,151 : INFO :  Test_OrangeHRM_Login_params : test_OrangeHRM_Login_params_003 : 26 : Entering Password-->admin123
2024-08-10 19:21:22,340 : INFO :  Test_OrangeHRM_Login_params : test_OrangeHRM_Login_params_003 : 29 : Clicking on login button
2024-08-10 19:21:22,491 : INFO :  Test_OrangeHRM_Login_params : test_OrangeHRM_Login_params_003 : 31 : Verifying the login status
2024-08-10 19:21:27,072 : INFO :  Test_OrangeHRM_Login_params : test_OrangeHRM_Login_params_003 : 57 : test_OrangeHRM_Login_params_003 is passed
2024-08-10 19:21:27,072 : INFO :  Test_OrangeHRM_Login_params : test_OrangeHRM_Login_params_003 : 58 : Taking a screenshot
2024-08-10 19:21:27,187 : INFO :  Test_OrangeHRM_Login_params : test_OrangeHRM_Login_params_003 : 61 : Closing the browser
2024-08-10 19:21:29,857 : INFO :  Test_OrangeHRM_Login_params : test_OrangeHRM_Login_params_003 : 63 : test_OrangeHRM_Login_params_003 is completed
2024-08-10 19:21:54,304 : INFO :  Test_OrangeHRM_Login_params : test_OrangeHRM_Login_params_003 : 16 : test_OrangeHRM_Login_params_003 is started
2024-08-10 19:21:54,306 : INFO :  Test_OrangeHRM_Login_params : test_OrangeHRM_Login_params_003 : 18 : Opening the browser
2024-08-10 19:21:54,306 : INFO :  Test_OrangeHRM_Login_params : test_OrangeHRM_Login_params_003 : 23 : Entering Username-->Admin
2024-08-10 19:21:59,525 : INFO :  Test_OrangeHRM_Login_params : test_OrangeHRM_Login_params_003 : 26 : Entering Password-->admin1231
2024-08-10 19:21:59,736 : INFO :  Test_OrangeHRM_Login_params : test_OrangeHRM_Login_params_003 : 29 : Clicking on login button
2024-08-10 19:21:59,828 : INFO :  Test_OrangeHRM_Login_params : test_OrangeHRM_Login_params_003 : 31 : Verifying the login status
2024-08-10 19:22:04,090 : INFO :  Test_OrangeHRM_Login_params : test_OrangeHRM_Login_params_003 : 57 : test_OrangeHRM_Login_params_003 is passed
2024-08-10 19:22:04,090 : INFO :  Test_OrangeHRM_Login_params : test_OrangeHRM_Login_params_003 : 58 : Taking a screenshot
2024-08-10 19:22:04,202 : INFO :  Test_OrangeHRM_Login_params : test_OrangeHRM_Login_params_003 : 61 : Closing the browser
2024-08-10 19:22:06,379 : INFO :  Test_OrangeHRM_Login_params : test_OrangeHRM_Login_params_003 : 63 : test_OrangeHRM_Login_params_003 is completed
2024-08-10 19:22:34,384 : INFO :  Test_OrangeHRM_Login_params : test_OrangeHRM_Login_params_003 : 16 : test_OrangeHRM_Login_params_003 is started
2024-08-10 19:22:34,385 : INFO :  Test_OrangeHRM_Login_params : test_OrangeHRM_Login_params_003 : 18 : Opening the browser
2024-08-10 19:22:34,385 : INFO :  Test_OrangeHRM_Login_params : test_OrangeHRM_Login_params_003 : 23 : Entering Username-->Admin1
2024-08-10 19:22:35,102 : INFO :  Test_OrangeHRM_Login_params : test_OrangeHRM_Login_params_003 : 26 : Entering Password-->admin1231
2024-08-10 19:22:35,272 : INFO :  Test_OrangeHRM_Login_params : test_OrangeHRM_Login_params_003 : 29 : Clicking on login button
2024-08-10 19:22:35,355 : INFO :  Test_OrangeHRM_Login_params : test_OrangeHRM_Login_params_003 : 31 : Verifying the login status
2024-08-10 19:22:39,780 : INFO :  Test_OrangeHRM_Login_params : test_OrangeHRM_Login_params_003 : 57 : test_OrangeHRM_Login_params_003 is passed
2024-08-10 19:22:39,780 : INFO :  Test_OrangeHRM_Login_params : test_OrangeHRM_Login_params_003 : 58 : Taking a screenshot
2024-08-10 19:22:39,887 : INFO :  Test_OrangeHRM_Login_params : test_OrangeHRM_Login_params_003 : 61 : Closing the browser
2024-08-10 19:22:42,025 : INFO :  Test_OrangeHRM_Login_params : test_OrangeHRM_Login_params_003 : 63 : test_OrangeHRM_Login_params_003 is completed
2024-08-10 19:31:56,386 : INFO :  Test_OrangeHRM_Login : test_OrangeHRM_url_001 : 23 : test_OrangeHRM_url_001 is started
2024-08-10 19:31:56,386 : INFO :  Test_OrangeHRM_Login : test_OrangeHRM_url_001 : 25 : Opening Browser
2024-08-10 19:31:56,396 : INFO :  Test_OrangeHRM_Login : test_OrangeHRM_url_001 : 27 : Verifying the page title
2024-08-10 19:31:56,404 : INFO :  Test_OrangeHRM_Login : test_OrangeHRM_url_001 : 29 : test_OrangeHRM_url_001 is passed, user is landed on correct url
2024-08-10 19:31:58,404 : INFO :  Test_OrangeHRM_Login : test_OrangeHRM_url_001 : 31 : Taking the screenshot
2024-08-10 19:31:58,508 : INFO :  Test_OrangeHRM_Login : test_OrangeHRM_url_001 : 40 : Closing the Browser
2024-08-10 19:32:00,798 : INFO :  Test_OrangeHRM_Login : test_OrangeHRM_url_001 : 42 : test_OrangeHRM_url_001 is completed
2024-08-11 11:22:59,225 : INFO :  Test_OrangeHRM_Login : test_OrangeHRM_url_001 : 23 : test_OrangeHRM_url_001 is started
2024-08-11 11:22:59,226 : INFO :  Test_OrangeHRM_Login : test_OrangeHRM_url_001 : 25 : Opening Browser
2024-08-11 11:22:59,252 : INFO :  Test_OrangeHRM_Login : test_OrangeHRM_url_001 : 27 : Verifying the page title
2024-08-11 11:22:59,273 : INFO :  Test_OrangeHRM_Login : test_OrangeHRM_url_001 : 29 : test_OrangeHRM_url_001 is passed, user is landed on correct url
2024-08-11 11:23:01,274 : INFO :  Test_OrangeHRM_Login : test_OrangeHRM_url_001 : 31 : Taking the screenshot
2024-08-11 11:23:01,384 : INFO :  Test_OrangeHRM_Login : test_OrangeHRM_url_001 : 40 : Closing the Browser
2024-08-11 11:23:03,775 : INFO :  Test_OrangeHRM_Login : test_OrangeHRM_url_001 : 42 : test_OrangeHRM_url_001 is completed
2024-08-11 11:23:33,431 : INFO :  Test_OrangeHRM_Login : test_OrangeHRM_Login_002 : 46 : test_OrangeHRM_Login_002 is started
2024-08-11 11:23:33,431 : INFO :  Test_OrangeHRM_Login : test_OrangeHRM_Login_002 : 48 : Opening the browser
2024-08-11 11:23:33,431 : INFO :  Test_OrangeHRM_Login : test_OrangeHRM_Login_002 : 53 : Entering Username-->Admin
2024-08-11 11:23:34,379 : INFO :  Test_OrangeHRM_Login : test_OrangeHRM_Login_002 : 56 : Entering Password-->admin123
2024-08-11 11:23:34,613 : INFO :  Test_OrangeHRM_Login : test_OrangeHRM_Login_002 : 59 : Clicking on login button
2024-08-11 11:23:34,845 : INFO :  Test_OrangeHRM_Login : test_OrangeHRM_Login_002 : 61 : Verifying the login status
2024-08-11 11:23:36,163 : INFO :  Test_OrangeHRM_Login : test_OrangeHRM_Login_002 : 73 : test_OrangeHRM_Login_002 is failed
2024-08-11 11:23:36,163 : INFO :  Test_OrangeHRM_Login : test_OrangeHRM_Login_002 : 74 : Taking for screenshot
2024-08-11 11:23:47,890 : INFO :  Test_OrangeHRM_Login_params : test_OrangeHRM_Login_params_003 : 16 : test_OrangeHRM_Login_params_003 is started
2024-08-11 11:23:47,890 : INFO :  Test_OrangeHRM_Login_params : test_OrangeHRM_Login_params_003 : 18 : Opening the browser
2024-08-11 11:23:47,891 : INFO :  Test_OrangeHRM_Login_params : test_OrangeHRM_Login_params_003 : 23 : Entering Username-->Admin
2024-08-11 11:23:48,752 : INFO :  Test_OrangeHRM_Login_params : test_OrangeHRM_Login_params_003 : 26 : Entering Password-->admin123
2024-08-11 11:23:49,011 : INFO :  Test_OrangeHRM_Login_params : test_OrangeHRM_Login_params_003 : 29 : Clicking on login button
2024-08-11 11:23:49,119 : INFO :  Test_OrangeHRM_Login_params : test_OrangeHRM_Login_params_003 : 31 : Verifying the login status
2024-08-11 11:23:56,361 : INFO :  Test_OrangeHRM_Login_params : test_OrangeHRM_Login_params_003 : 61 : Closing the browser
2024-08-11 11:23:58,705 : INFO :  Test_OrangeHRM_Login_params : test_OrangeHRM_Login_params_003 : 63 : test_OrangeHRM_Login_params_003 is completed
2024-08-11 11:24:26,956 : INFO :  Test_OrangeHRM_Login_params : test_OrangeHRM_Login_params_003 : 16 : test_OrangeHRM_Login_params_003 is started
2024-08-11 11:24:26,956 : INFO :  Test_OrangeHRM_Login_params : test_OrangeHRM_Login_params_003 : 18 : Opening the browser
2024-08-11 11:24:26,957 : INFO :  Test_OrangeHRM_Login_params : test_OrangeHRM_Login_params_003 : 23 : Entering Username-->Admin1
2024-08-11 11:24:27,993 : INFO :  Test_OrangeHRM_Login_params : test_OrangeHRM_Login_params_003 : 26 : Entering Password-->admin123
2024-08-11 11:24:28,323 : INFO :  Test_OrangeHRM_Login_params : test_OrangeHRM_Login_params_003 : 29 : Clicking on login button
2024-08-11 11:24:28,443 : INFO :  Test_OrangeHRM_Login_params : test_OrangeHRM_Login_params_003 : 31 : Verifying the login status
2024-08-11 11:24:32,677 : INFO :  Test_OrangeHRM_Login_params : test_OrangeHRM_Login_params_003 : 57 : test_OrangeHRM_Login_params_003 is passed
2024-08-11 11:24:32,677 : INFO :  Test_OrangeHRM_Login_params : test_OrangeHRM_Login_params_003 : 58 : Taking a screenshot
2024-08-11 11:24:32,779 : INFO :  Test_OrangeHRM_Login_params : test_OrangeHRM_Login_params_003 : 61 : Closing the browser
2024-08-11 11:24:35,130 : INFO :  Test_OrangeHRM_Login_params : test_OrangeHRM_Login_params_003 : 63 : test_OrangeHRM_Login_params_003 is completed
2024-08-11 11:25:02,810 : INFO :  Test_OrangeHRM_Login_params : test_OrangeHRM_Login_params_003 : 16 : test_OrangeHRM_Login_params_003 is started
2024-08-11 11:25:02,810 : INFO :  Test_OrangeHRM_Login_params : test_OrangeHRM_Login_params_003 : 18 : Opening the browser
2024-08-11 11:25:02,810 : INFO :  Test_OrangeHRM_Login_params : test_OrangeHRM_Login_params_003 : 23 : Entering Username-->Admin
2024-08-11 11:25:03,656 : INFO :  Test_OrangeHRM_Login_params : test_OrangeHRM_Login_params_003 : 26 : Entering Password-->admin1231
2024-08-11 11:25:04,041 : INFO :  Test_OrangeHRM_Login_params : test_OrangeHRM_Login_params_003 : 29 : Clicking on login button
2024-08-11 11:25:04,159 : INFO :  Test_OrangeHRM_Login_params : test_OrangeHRM_Login_params_003 : 31 : Verifying the login status
2024-08-11 11:25:08,418 : INFO :  Test_OrangeHRM_Login_params : test_OrangeHRM_Login_params_003 : 57 : test_OrangeHRM_Login_params_003 is passed
2024-08-11 11:25:08,419 : INFO :  Test_OrangeHRM_Login_params : test_OrangeHRM_Login_params_003 : 58 : Taking a screenshot
2024-08-11 11:25:08,512 : INFO :  Test_OrangeHRM_Login_params : test_OrangeHRM_Login_params_003 : 61 : Closing the browser
2024-08-11 11:25:10,951 : INFO :  Test_OrangeHRM_Login_params : test_OrangeHRM_Login_params_003 : 63 : test_OrangeHRM_Login_params_003 is completed
2024-08-11 11:25:38,375 : INFO :  Test_OrangeHRM_Login_params : test_OrangeHRM_Login_params_003 : 16 : test_OrangeHRM_Login_params_003 is started
2024-08-11 11:25:38,376 : INFO :  Test_OrangeHRM_Login_params : test_OrangeHRM_Login_params_003 : 18 : Opening the browser
2024-08-11 11:25:38,376 : INFO :  Test_OrangeHRM_Login_params : test_OrangeHRM_Login_params_003 : 23 : Entering Username-->Admin1
2024-08-11 11:25:39,223 : INFO :  Test_OrangeHRM_Login_params : test_OrangeHRM_Login_params_003 : 26 : Entering Password-->admin1231
2024-08-11 11:25:39,569 : INFO :  Test_OrangeHRM_Login_params : test_OrangeHRM_Login_params_003 : 29 : Clicking on login button
2024-08-11 11:25:39,674 : INFO :  Test_OrangeHRM_Login_params : test_OrangeHRM_Login_params_003 : 31 : Verifying the login status
2024-08-11 11:25:43,942 : INFO :  Test_OrangeHRM_Login_params : test_OrangeHRM_Login_params_003 : 57 : test_OrangeHRM_Login_params_003 is passed
2024-08-11 11:25:43,942 : INFO :  Test_OrangeHRM_Login_params : test_OrangeHRM_Login_params_003 : 58 : Taking a screenshot
2024-08-11 11:25:44,074 : INFO :  Test_OrangeHRM_Login_params : test_OrangeHRM_Login_params_003 : 61 : Closing the browser
2024-08-11 11:25:46,465 : INFO :  Test_OrangeHRM_Login_params : test_OrangeHRM_Login_params_003 : 63 : test_OrangeHRM_Login_params_003 is completed
2024-08-11 11:36:01,670 : INFO :  Test_OrangeHRM_Login : test_OrangeHRM_url_001 : 23 : test_OrangeHRM_url_001 is started
2024-08-11 11:36:01,670 : INFO :  Test_OrangeHRM_Login : test_OrangeHRM_url_001 : 25 : Opening Browser
2024-08-11 11:36:01,684 : INFO :  Test_OrangeHRM_Login : test_OrangeHRM_url_001 : 27 : Verifying the page title
2024-08-11 11:36:01,699 : INFO :  Test_OrangeHRM_Login : test_OrangeHRM_url_001 : 29 : test_OrangeHRM_url_001 is passed, user is landed on correct url
2024-08-11 11:36:03,700 : INFO :  Test_OrangeHRM_Login : test_OrangeHRM_url_001 : 31 : Taking the screenshot
2024-08-11 11:36:03,842 : INFO :  Test_OrangeHRM_Login : test_OrangeHRM_url_001 : 40 : Closing the Browser
2024-08-11 11:36:10,247 : INFO :  Test_OrangeHRM_Login : test_OrangeHRM_url_001 : 42 : test_OrangeHRM_url_001 is completed
2024-08-11 11:36:50,953 : INFO :  Test_OrangeHRM_Login : test_OrangeHRM_Login_002 : 46 : test_OrangeHRM_Login_002 is started
2024-08-11 11:36:50,954 : INFO :  Test_OrangeHRM_Login : test_OrangeHRM_Login_002 : 48 : Opening the browser
2024-08-11 11:36:50,955 : INFO :  Test_OrangeHRM_Login : test_OrangeHRM_Login_002 : 53 : Entering Username-->Admin
2024-08-11 11:36:52,047 : INFO :  Test_OrangeHRM_Login : test_OrangeHRM_Login_002 : 56 : Entering Password-->admin123
2024-08-11 11:36:52,283 : INFO :  Test_OrangeHRM_Login : test_OrangeHRM_Login_002 : 59 : Clicking on login button
2024-08-11 11:36:54,198 : INFO :  Test_OrangeHRM_Login : test_OrangeHRM_Login_002 : 61 : Verifying the login status
2024-08-11 11:36:56,217 : INFO :  Test_OrangeHRM_Login : test_OrangeHRM_Login_002 : 63 : test_OrangeHRM_Login_002 is passed
2024-08-11 11:36:58,219 : INFO :  Test_OrangeHRM_Login : test_OrangeHRM_Login_002 : 65 : Taking the screenshot
2024-08-11 11:36:58,405 : INFO :  Test_OrangeHRM_Login : test_OrangeHRM_Login_002 : 67 : Clicking on Menu button
2024-08-11 11:36:58,678 : INFO :  Test_OrangeHRM_Login : test_OrangeHRM_Login_002 : 69 : Clicking on logout button
2024-08-11 11:37:00,216 : INFO :  Test_OrangeHRM_Login : test_OrangeHRM_Login_002 : 77 : Closing the browser
2024-08-11 11:37:04,927 : INFO :  Test_OrangeHRM_Login : test_OrangeHRM_Login_002 : 79 : test_OrangeHRM_Login_002 is completed
2024-08-11 11:37:46,252 : INFO :  Test_OrangeHRM_Login_params : test_OrangeHRM_Login_params_003 : 16 : test_OrangeHRM_Login_params_003 is started
2024-08-11 11:37:46,252 : INFO :  Test_OrangeHRM_Login_params : test_OrangeHRM_Login_params_003 : 18 : Opening the browser
2024-08-11 11:37:46,252 : INFO :  Test_OrangeHRM_Login_params : test_OrangeHRM_Login_params_003 : 23 : Entering Username-->Admin
2024-08-11 11:37:47,228 : INFO :  Test_OrangeHRM_Login_params : test_OrangeHRM_Login_params_003 : 26 : Entering Password-->admin123
2024-08-11 11:37:47,299 : INFO :  Test_OrangeHRM_Login_params : test_OrangeHRM_Login_params_003 : 29 : Clicking on login button
2024-08-11 11:37:49,207 : INFO :  Test_OrangeHRM_Login_params : test_OrangeHRM_Login_params_003 : 31 : Verifying the login status
2024-08-11 11:37:51,218 : INFO :  Test_OrangeHRM_Login_params : test_OrangeHRM_Login_params_003 : 33 : test_OrangeHRM_Login_params_003 is passed
2024-08-11 11:37:53,219 : INFO :  Test_OrangeHRM_Login_params : test_OrangeHRM_Login_params_003 : 35 : Taking the screenshot
2024-08-11 11:37:53,454 : INFO :  Test_OrangeHRM_Login_params : test_OrangeHRM_Login_params_003 : 37 : Clicking on Menu button
2024-08-11 11:37:53,707 : INFO :  Test_OrangeHRM_Login_params : test_OrangeHRM_Login_params_003 : 39 : Clicking on logout button
2024-08-11 11:37:54,962 : INFO :  Test_OrangeHRM_Login_params : test_OrangeHRM_Login_params_003 : 61 : Closing the browser
2024-08-11 11:38:00,173 : INFO :  Test_OrangeHRM_Login_params : test_OrangeHRM_Login_params_003 : 63 : test_OrangeHRM_Login_params_003 is completed
2024-08-11 11:38:38,617 : INFO :  Test_OrangeHRM_Login_params : test_OrangeHRM_Login_params_003 : 16 : test_OrangeHRM_Login_params_003 is started
2024-08-11 11:38:38,618 : INFO :  Test_OrangeHRM_Login_params : test_OrangeHRM_Login_params_003 : 18 : Opening the browser
2024-08-11 11:38:38,618 : INFO :  Test_OrangeHRM_Login_params : test_OrangeHRM_Login_params_003 : 23 : Entering Username-->Admin1
2024-08-11 11:38:39,388 : INFO :  Test_OrangeHRM_Login_params : test_OrangeHRM_Login_params_003 : 26 : Entering Password-->admin123
2024-08-11 11:38:39,560 : INFO :  Test_OrangeHRM_Login_params : test_OrangeHRM_Login_params_003 : 29 : Clicking on login button
2024-08-11 11:38:40,722 : INFO :  Test_OrangeHRM_Login_params : test_OrangeHRM_Login_params_003 : 31 : Verifying the login status
2024-08-11 11:38:44,753 : INFO :  Test_OrangeHRM_Login_params : test_OrangeHRM_Login_params_003 : 57 : test_OrangeHRM_Login_params_003 is passed
2024-08-11 11:38:44,754 : INFO :  Test_OrangeHRM_Login_params : test_OrangeHRM_Login_params_003 : 58 : Taking a screenshot
2024-08-11 11:38:44,883 : INFO :  Test_OrangeHRM_Login_params : test_OrangeHRM_Login_params_003 : 61 : Closing the browser
2024-08-11 11:38:49,765 : INFO :  Test_OrangeHRM_Login_params : test_OrangeHRM_Login_params_003 : 63 : test_OrangeHRM_Login_params_003 is completed
2024-08-11 11:39:27,487 : INFO :  Test_OrangeHRM_Login_params : test_OrangeHRM_Login_params_003 : 16 : test_OrangeHRM_Login_params_003 is started
2024-08-11 11:39:27,487 : INFO :  Test_OrangeHRM_Login_params : test_OrangeHRM_Login_params_003 : 18 : Opening the browser
2024-08-11 11:39:27,488 : INFO :  Test_OrangeHRM_Login_params : test_OrangeHRM_Login_params_003 : 23 : Entering Username-->Admin
2024-08-11 11:39:28,300 : INFO :  Test_OrangeHRM_Login_params : test_OrangeHRM_Login_params_003 : 26 : Entering Password-->admin1231
2024-08-11 11:39:28,459 : INFO :  Test_OrangeHRM_Login_params : test_OrangeHRM_Login_params_003 : 29 : Clicking on login button
2024-08-11 11:39:30,147 : INFO :  Test_OrangeHRM_Login_params : test_OrangeHRM_Login_params_003 : 31 : Verifying the login status
2024-08-11 11:39:34,194 : INFO :  Test_OrangeHRM_Login_params : test_OrangeHRM_Login_params_003 : 57 : test_OrangeHRM_Login_params_003 is passed
2024-08-11 11:39:34,194 : INFO :  Test_OrangeHRM_Login_params : test_OrangeHRM_Login_params_003 : 58 : Taking a screenshot
2024-08-11 11:39:34,337 : INFO :  Test_OrangeHRM_Login_params : test_OrangeHRM_Login_params_003 : 61 : Closing the browser
2024-08-11 11:39:38,368 : INFO :  Test_OrangeHRM_Login_params : test_OrangeHRM_Login_params_003 : 63 : test_OrangeHRM_Login_params_003 is completed
2024-08-11 11:40:14,274 : INFO :  Test_OrangeHRM_Login_params : test_OrangeHRM_Login_params_003 : 16 : test_OrangeHRM_Login_params_003 is started
2024-08-11 11:40:14,274 : INFO :  Test_OrangeHRM_Login_params : test_OrangeHRM_Login_params_003 : 18 : Opening the browser
2024-08-11 11:40:14,274 : INFO :  Test_OrangeHRM_Login_params : test_OrangeHRM_Login_params_003 : 23 : Entering Username-->Admin1
2024-08-11 11:40:15,001 : INFO :  Test_OrangeHRM_Login_params : test_OrangeHRM_Login_params_003 : 26 : Entering Password-->admin1231
2024-08-11 11:40:15,089 : INFO :  Test_OrangeHRM_Login_params : test_OrangeHRM_Login_params_003 : 29 : Clicking on login button
2024-08-11 11:40:16,261 : INFO :  Test_OrangeHRM_Login_params : test_OrangeHRM_Login_params_003 : 31 : Verifying the login status
2024-08-11 11:40:20,361 : INFO :  Test_OrangeHRM_Login_params : test_OrangeHRM_Login_params_003 : 57 : test_OrangeHRM_Login_params_003 is passed
2024-08-11 11:40:20,362 : INFO :  Test_OrangeHRM_Login_params : test_OrangeHRM_Login_params_003 : 58 : Taking a screenshot
2024-08-11 11:40:20,463 : INFO :  Test_OrangeHRM_Login_params : test_OrangeHRM_Login_params_003 : 61 : Closing the browser
2024-08-11 11:40:24,485 : INFO :  Test_OrangeHRM_Login_params : test_OrangeHRM_Login_params_003 : 63 : test_OrangeHRM_Login_params_003 is completed
